# JRE version: OpenJDK Runtime Environment Corretto-17.0.13.11.1 (17.0.13+11) (build 17.0.13+11-LTS)
# Java VM: OpenJDK 64-Bit Server VM Corretto-17.0.13.11.1 (17.0.13+11-LTS, mixed mode, sharing, tiered, compressed oops, compressed class ptrs, g1 gc, windows-amd64)
GC Precious Log:
 CPUs: 16 total, 16 available
 Memory: 32104M
 Large Page Support: Disabled
 NUMA Support: Disabled
 Compressed Oops: Enabled (Zero based)
 Heap Region Size: 4M
 Heap Min Capacity: 8M
 Heap Initial Capacity: 504M
 Heap Max Capacity: 8028M
 Pre-touch: Disabled
 Parallel Workers: 13
 Concurrent Workers: 3
 Concurrent Refinement Workers: 13
 Periodic GC: Disabled
Heap:
 garbage-first heap   total 163840K, used 89512K [0x000000060a400000, 0x0000000800000000)
  region size 4096K, 14 young (57344K), 1 survivors (4096K)
 Metaspace       used 69621K, committed 70272K, reserved 1114112K
  class space    used 9097K, committed 9408K, reserved 1048576K
GC Heap History (20 events):
Event: 6.443 GC heap before
{Heap before GC invocations=5 (full 0):
 garbage-first heap   total 81920K, used 57479K [0x000000060a400000, 0x0000000800000000)
  region size 4096K, 13 young (53248K), 2 survivors (8192K)
 Metaspace       used 26646K, committed 26880K, reserved 1114112K
  class space    used 3354K, committed 3456K, reserved 1048576K
}
Event: 6.451 GC heap after
{Heap after GC invocations=6 (full 0):
 garbage-first heap   total 81920K, used 18734K [0x000000060a400000, 0x0000000800000000)
  region size 4096K, 3 young (12288K), 3 survivors (12288K)
 Metaspace       used 26646K, committed 26880K, reserved 1114112K
  class space    used 3354K, committed 3456K, reserved 1048576K
}
Event: 6.570 GC heap before
{Heap before GC invocations=6 (full 0):
 garbage-first heap   total 81920K, used 22830K [0x000000060a400000, 0x0000000800000000)
  region size 4096K, 4 young (16384K), 3 survivors (12288K)
 Metaspace       used 26855K, committed 27200K, reserved 1114112K
  class space    used 3377K, committed 3520K, reserved 1048576K
}
Event: 6.578 GC heap after
{Heap after GC invocations=7 (full 0):
 garbage-first heap   total 81920K, used 19893K [0x000000060a400000, 0x0000000800000000)
  region size 4096K, 1 young (4096K), 1 survivors (4096K)
 Metaspace       used 26855K, committed 27200K, reserved 1114112K
  class space    used 3377K, committed 3520K, reserved 1048576K
}
Event: 7.549 GC heap before
{Heap before GC invocations=7 (full 0):
 garbage-first heap   total 81920K, used 52661K [0x000000060a400000, 0x0000000800000000)
  region size 4096K, 9 young (36864K), 1 survivors (4096K)
 Metaspace       used 29737K, committed 30080K, reserved 1114112K
  class space    used 3762K, committed 3904K, reserved 1048576K
}
Event: 7.553 GC heap after
{Heap after GC invocations=8 (full 0):
 garbage-first heap   total 81920K, used 21195K [0x000000060a400000, 0x0000000800000000)
  region size 4096K, 1 young (4096K), 1 survivors (4096K)
 Metaspace       used 29737K, committed 30080K, reserved 1114112K
  class space    used 3762K, committed 3904K, reserved 1048576K
}
Event: 8.639 GC heap before
{Heap before GC invocations=8 (full 0):
 garbage-first heap   total 81920K, used 53963K [0x000000060a400000, 0x0000000800000000)
  region size 4096K, 9 young (36864K), 1 survivors (4096K)
 Metaspace       used 33550K, committed 33920K, reserved 1114112K
  class space    used 4281K, committed 4480K, reserved 1048576K
}
Event: 8.647 GC heap after
{Heap after GC invocations=9 (full 0):
 garbage-first heap   total 81920K, used 22889K [0x000000060a400000, 0x0000000800000000)
  region size 4096K, 2 young (8192K), 2 survivors (8192K)
 Metaspace       used 33550K, committed 33920K, reserved 1114112K
  class space    used 4281K, committed 4480K, reserved 1048576K
}
Event: 9.012 GC heap before
{Heap before GC invocations=9 (full 0):
 garbage-first heap   total 81920K, used 31081K [0x000000060a400000, 0x0000000800000000)
  region size 4096K, 5 young (20480K), 2 survivors (8192K)
 Metaspace       used 35561K, committed 35968K, reserved 1114112K
  class space    used 4599K, committed 4800K, reserved 1048576K
}
Event: 9.021 GC heap after
{Heap after GC invocations=10 (full 0):
 garbage-first heap   total 81920K, used 23982K [0x000000060a400000, 0x0000000800000000)
  region size 4096K, 1 young (4096K), 1 survivors (4096K)
 Metaspace       used 35561K, committed 35968K, reserved 1114112K
  class space    used 4599K, committed 4800K, reserved 1048576K
}
Event: 10.015 GC heap before
{Heap before GC invocations=11 (full 0):
 garbage-first heap   total 81920K, used 56750K [0x000000060a400000, 0x0000000800000000)
  region size 4096K, 9 young (36864K), 1 survivors (4096K)
 Metaspace       used 43178K, committed 43648K, reserved 1114112K
  class space    used 5744K, committed 5952K, reserved 1048576K
}
Event: 10.025 GC heap after
{Heap after GC invocations=12 (full 0):
 garbage-first heap   total 81920K, used 26155K [0x000000060a400000, 0x0000000800000000)
  region size 4096K, 2 young (8192K), 2 survivors (8192K)
 Metaspace       used 43178K, committed 43648K, reserved 1114112K
  class space    used 5744K, committed 5952K, reserved 1048576K
}
Event: 10.098 GC heap before
{Heap before GC invocations=12 (full 0):
 garbage-first heap   total 81920K, used 30251K [0x000000060a400000, 0x0000000800000000)
  region size 4096K, 3 young (12288K), 2 survivors (8192K)
 Metaspace       used 43483K, committed 43968K, reserved 1114112K
  class space    used 5786K, committed 6016K, reserved 1048576K
}
Event: 10.113 GC heap after
{Heap after GC invocations=13 (full 0):
 garbage-first heap   total 299008K, used 25656K [0x000000060a400000, 0x0000000800000000)
  region size 4096K, 1 young (4096K), 1 survivors (4096K)
 Metaspace       used 43483K, committed 43968K, reserved 1114112K
  class space    used 5786K, committed 6016K, reserved 1048576K
}
Event: 14.522 GC heap before
{Heap before GC invocations=13 (full 0):
 garbage-first heap   total 299008K, used 144440K [0x000000060a400000, 0x0000000800000000)
  region size 4096K, 31 young (126976K), 1 survivors (4096K)
 Metaspace       used 59688K, committed 60160K, reserved 1114112K
  class space    used 7964K, committed 8192K, reserved 1048576K
}
Event: 14.532 GC heap after
{Heap after GC invocations=14 (full 0):
 garbage-first heap   total 299008K, used 34341K [0x000000060a400000, 0x0000000800000000)
  region size 4096K, 3 young (12288K), 3 survivors (12288K)
 Metaspace       used 59688K, committed 60160K, reserved 1114112K
  class space    used 7964K, committed 8192K, reserved 1048576K
}
Event: 40761.107 GC heap before
{Heap before GC invocations=15 (full 0):
 garbage-first heap   total 163840K, used 120357K [0x000000060a400000, 0x0000000800000000)
  region size 4096K, 24 young (98304K), 3 survivors (12288K)
 Metaspace       used 68997K, committed 69632K, reserved 1114112K
  class space    used 9096K, committed 9408K, reserved 1048576K
}
Event: 40761.122 GC heap after
{Heap after GC invocations=16 (full 0):
 garbage-first heap   total 163840K, used 39433K [0x000000060a400000, 0x0000000800000000)
  region size 4096K, 2 young (8192K), 2 survivors (8192K)
 Metaspace       used 68997K, committed 69632K, reserved 1114112K
  class space    used 9096K, committed 9408K, reserved 1048576K
}
Event: 41230.524 GC heap before
{Heap before GC invocations=16 (full 0):
 garbage-first heap   total 163840K, used 43529K [0x000000060a400000, 0x0000000800000000)
  region size 4096K, 3 young (12288K), 2 survivors (8192K)
 Metaspace       used 69046K, committed 69632K, reserved 1114112K
  class space    used 9096K, committed 9408K, reserved 1048576K
}
Event: 41230.528 GC heap after
{Heap after GC invocations=17 (full 0):
 garbage-first heap   total 163840K, used 40360K [0x000000060a400000, 0x0000000800000000)
  region size 4096K, 1 young (4096K), 1 survivors (4096K)
 Metaspace       used 69046K, committed 69632K, reserved 1114112K
  class space    used 9096K, committed 9408K, reserved 1048576K
}

